[1022/170515.731:INFO:crash_reporting.cc(219)] Crash reporting enabled for process: browser
[1022/170515.789:INFO:gpu_process_host.cc(941)] [XWEB_LOG_GPU]  GPU process laucnched multi-process mode SUCCESS!!! gpu-process-pid:7908 gpu-process-sandbox:1
[1022/170515.822:INFO:crash_reporting.cc(219)] Crash reporting enabled for process: gpu-process
[1022/170515.998:INFO:crash_reporting.cc(219)] Crash reporting enabled for process: utility
[1022/170715.917:INFO:crash_reporting.cc(219)] Crash reporting enabled for process: gpu-process
[1022/192621.112:WARNING:dns_config_service_win.cc(672)] Failed to read DnsConfig.
[1022/192621.122:WARNING:dns_config_service_win.cc(672)] Failed to read DnsConfig.
[1022/192626.118:WARNING:dns_config_service_win.cc(672)] Failed to read DnsConfig.
[1022/192626.126:WARNING:dns_config_service_win.cc(672)] Failed to read DnsConfig.
[1023/134408.556:WARNING:dns_config_service_win.cc(672)] Failed to read DnsConfig.
[1023/134413.577:WARNING:dns_config_service_win.cc(672)] Failed to read DnsConfig.
[1023/134418.597:WARNING:dns_config_service_win.cc(672)] Failed to read DnsConfig.
[1023/134423.604:WARNING:dns_config_service_win.cc(672)] Failed to read DnsConfig.
[1023/134428.622:WARNING:dns_config_service_win.cc(672)] Failed to read DnsConfig.
[1023/134433.633:WARNING:dns_config_service_win.cc(672)] Failed to read DnsConfig.
[1023/134438.639:WARNING:dns_config_service_win.cc(672)] Failed to read DnsConfig.
[1023/134443.664:WARNING:dns_config_service_win.cc(672)] Failed to read DnsConfig.
[1023/134448.672:WARNING:dns_config_service_win.cc(672)] Failed to read DnsConfig.
[1023/134453.687:WARNING:dns_config_service_win.cc(672)] Failed to read DnsConfig.
[1023/134458.700:WARNING:dns_config_service_win.cc(672)] Failed to read DnsConfig.
[1023/134503.717:WARNING:dns_config_service_win.cc(672)] Failed to read DnsConfig.
[1023/134508.738:WARNING:dns_config_service_win.cc(672)] Failed to read DnsConfig.
[1023/134513.756:WARNING:dns_config_service_win.cc(672)] Failed to read DnsConfig.
[1023/134518.776:WARNING:dns_config_service_win.cc(672)] Failed to read DnsConfig.
[1023/134523.787:WARNING:dns_config_service_win.cc(672)] Failed to read DnsConfig.
[1023/134528.801:WARNING:dns_config_service_win.cc(672)] Failed to read DnsConfig.
[1023/134533.813:WARNING:dns_config_service_win.cc(672)] Failed to read DnsConfig.
[1023/134538.819:WARNING:dns_config_service_win.cc(672)] Failed to read DnsConfig.
[1023/134543.839:WARNING:dns_config_service_win.cc(672)] Failed to read DnsConfig.
[1023/134548.849:WARNING:dns_config_service_win.cc(672)] Failed to read DnsConfig.
[1023/134553.867:WARNING:dns_config_service_win.cc(672)] Failed to read DnsConfig.
[1023/134558.884:WARNING:dns_config_service_win.cc(672)] Failed to read DnsConfig.
[1023/134603.899:WARNING:dns_config_service_win.cc(672)] Failed to read DnsConfig.
[1023/134608.914:WARNING:dns_config_service_win.cc(672)] Failed to read DnsConfig.
[1023/134613.930:WARNING:dns_config_service_win.cc(672)] Failed to read DnsConfig.
[1023/134618.941:WARNING:dns_config_service_win.cc(672)] Failed to read DnsConfig.
[1023/134623.958:WARNING:dns_config_service_win.cc(672)] Failed to read DnsConfig.
[1023/134628.968:WARNING:dns_config_service_win.cc(672)] Failed to read DnsConfig.
[1023/134633.976:WARNING:dns_config_service_win.cc(672)] Failed to read DnsConfig.
[1023/134638.992:WARNING:dns_config_service_win.cc(672)] Failed to read DnsConfig.
[1023/134644.011:WARNING:dns_config_service_win.cc(672)] Failed to read DnsConfig.
[1023/134649.031:WARNING:dns_config_service_win.cc(672)] Failed to read DnsConfig.
[1023/134654.041:WARNING:dns_config_service_win.cc(672)] Failed to read DnsConfig.
[1023/134659.049:WARNING:dns_config_service_win.cc(672)] Failed to read DnsConfig.
[1023/134704.067:WARNING:dns_config_service_win.cc(672)] Failed to read DnsConfig.
[1023/134709.079:WARNING:dns_config_service_win.cc(672)] Failed to read DnsConfig.
[1023/134714.087:WARNING:dns_config_service_win.cc(672)] Failed to read DnsConfig.
[1023/134719.099:WARNING:dns_config_service_win.cc(672)] Failed to read DnsConfig.
[1023/134724.105:WARNING:dns_config_service_win.cc(672)] Failed to read DnsConfig.
[1023/134729.113:WARNING:dns_config_service_win.cc(672)] Failed to read DnsConfig.
[1023/134734.124:WARNING:dns_config_service_win.cc(672)] Failed to read DnsConfig.
[1023/134739.140:WARNING:dns_config_service_win.cc(672)] Failed to read DnsConfig.
[1023/134744.150:WARNING:dns_config_service_win.cc(672)] Failed to read DnsConfig.
[1023/134749.168:WARNING:dns_config_service_win.cc(672)] Failed to read DnsConfig.
[1023/134754.178:WARNING:dns_config_service_win.cc(672)] Failed to read DnsConfig.
[1023/134759.192:WARNING:dns_config_service_win.cc(672)] Failed to read DnsConfig.
[1023/134804.216:WARNING:dns_config_service_win.cc(672)] Failed to read DnsConfig.
[1023/134809.226:WARNING:dns_config_service_win.cc(672)] Failed to read DnsConfig.
[1023/134814.252:WARNING:dns_config_service_win.cc(672)] Failed to read DnsConfig.
[1023/134819.264:WARNING:dns_config_service_win.cc(672)] Failed to read DnsConfig.
[1023/134824.277:WARNING:dns_config_service_win.cc(672)] Failed to read DnsConfig.
[1023/134829.300:WARNING:dns_config_service_win.cc(672)] Failed to read DnsConfig.
[1023/134834.314:WARNING:dns_config_service_win.cc(672)] Failed to read DnsConfig.
[1023/134839.340:WARNING:dns_config_service_win.cc(672)] Failed to read DnsConfig.
[1023/134844.357:WARNING:dns_config_service_win.cc(672)] Failed to read DnsConfig.
[1023/134849.377:WARNING:dns_config_service_win.cc(672)] Failed to read DnsConfig.
[1023/134854.400:WARNING:dns_config_service_win.cc(672)] Failed to read DnsConfig.
[1023/134859.418:WARNING:dns_config_service_win.cc(672)] Failed to read DnsConfig.
[1023/134904.437:WARNING:dns_config_service_win.cc(672)] Failed to read DnsConfig.
[1023/134909.441:WARNING:dns_config_service_win.cc(672)] Failed to read DnsConfig.
[1023/134914.449:WARNING:dns_config_service_win.cc(672)] Failed to read DnsConfig.
[1023/134919.465:WARNING:dns_config_service_win.cc(672)] Failed to read DnsConfig.
[1023/134924.482:WARNING:dns_config_service_win.cc(672)] Failed to read DnsConfig.
[1023/134929.498:WARNING:dns_config_service_win.cc(672)] Failed to read DnsConfig.
[1023/134934.510:WARNING:dns_config_service_win.cc(672)] Failed to read DnsConfig.
[1023/134939.524:WARNING:dns_config_service_win.cc(672)] Failed to read DnsConfig.
[1023/134944.540:WARNING:dns_config_service_win.cc(672)] Failed to read DnsConfig.
[1023/134949.553:WARNING:dns_config_service_win.cc(672)] Failed to read DnsConfig.
[1023/134954.563:WARNING:dns_config_service_win.cc(672)] Failed to read DnsConfig.
[1023/134959.584:WARNING:dns_config_service_win.cc(672)] Failed to read DnsConfig.
[1023/135004.606:WARNING:dns_config_service_win.cc(672)] Failed to read DnsConfig.
[1023/135009.625:WARNING:dns_config_service_win.cc(672)] Failed to read DnsConfig.
[1023/135014.637:WARNING:dns_config_service_win.cc(672)] Failed to read DnsConfig.
[1023/135019.652:WARNING:dns_config_service_win.cc(672)] Failed to read DnsConfig.
[1023/135024.666:WARNING:dns_config_service_win.cc(672)] Failed to read DnsConfig.
[1023/135029.685:WARNING:dns_config_service_win.cc(672)] Failed to read DnsConfig.
[1023/135034.703:WARNING:dns_config_service_win.cc(672)] Failed to read DnsConfig.
[1023/135039.724:WARNING:dns_config_service_win.cc(672)] Failed to read DnsConfig.
[1023/135044.747:WARNING:dns_config_service_win.cc(672)] Failed to read DnsConfig.
[1023/135049.761:WARNING:dns_config_service_win.cc(672)] Failed to read DnsConfig.
[1023/135054.784:WARNING:dns_config_service_win.cc(672)] Failed to read DnsConfig.
[1023/135059.797:WARNING:dns_config_service_win.cc(672)] Failed to read DnsConfig.
[1023/135104.821:WARNING:dns_config_service_win.cc(672)] Failed to read DnsConfig.
[1023/135109.844:WARNING:dns_config_service_win.cc(672)] Failed to read DnsConfig.
[1023/135114.869:WARNING:dns_config_service_win.cc(672)] Failed to read DnsConfig.
[1023/135119.893:WARNING:dns_config_service_win.cc(672)] Failed to read DnsConfig.
[1023/135124.912:WARNING:dns_config_service_win.cc(672)] Failed to read DnsConfig.
[1023/135129.928:WARNING:dns_config_service_win.cc(672)] Failed to read DnsConfig.
[1023/135134.953:WARNING:dns_config_service_win.cc(672)] Failed to read DnsConfig.
[1023/135139.972:WARNING:dns_config_service_win.cc(672)] Failed to read DnsConfig.
[1023/135144.989:WARNING:dns_config_service_win.cc(672)] Failed to read DnsConfig.
[1023/135150.000:WARNING:dns_config_service_win.cc(672)] Failed to read DnsConfig.
[1023/135155.024:WARNING:dns_config_service_win.cc(672)] Failed to read DnsConfig.
[1023/135200.041:WARNING:dns_config_service_win.cc(672)] Failed to read DnsConfig.
[1023/135205.056:WARNING:dns_config_service_win.cc(672)] Failed to read DnsConfig.
[1023/135210.079:WARNING:dns_config_service_win.cc(672)] Failed to read DnsConfig.
[1023/135215.086:WARNING:dns_config_service_win.cc(672)] Failed to read DnsConfig.
[1023/135220.115:WARNING:dns_config_service_win.cc(672)] Failed to read DnsConfig.
[1023/135225.128:WARNING:dns_config_service_win.cc(672)] Failed to read DnsConfig.
[1023/135230.152:WARNING:dns_config_service_win.cc(672)] Failed to read DnsConfig.
[1023/135235.166:WARNING:dns_config_service_win.cc(672)] Failed to read DnsConfig.
[1023/135240.188:WARNING:dns_config_service_win.cc(672)] Failed to read DnsConfig.
[1023/135245.201:WARNING:dns_config_service_win.cc(672)] Failed to read DnsConfig.
[1023/135250.221:WARNING:dns_config_service_win.cc(672)] Failed to read DnsConfig.
[1023/135255.234:WARNING:dns_config_service_win.cc(672)] Failed to read DnsConfig.
[1023/135300.257:WARNING:dns_config_service_win.cc(672)] Failed to read DnsConfig.
[1023/135305.277:WARNING:dns_config_service_win.cc(672)] Failed to read DnsConfig.
[1023/135310.294:WARNING:dns_config_service_win.cc(672)] Failed to read DnsConfig.
[1023/135315.306:WARNING:dns_config_service_win.cc(672)] Failed to read DnsConfig.
[1023/135320.320:WARNING:dns_config_service_win.cc(672)] Failed to read DnsConfig.
[1023/135325.340:WARNING:dns_config_service_win.cc(672)] Failed to read DnsConfig.
[1023/135330.356:WARNING:dns_config_service_win.cc(672)] Failed to read DnsConfig.
[1023/135335.363:WARNING:dns_config_service_win.cc(672)] Failed to read DnsConfig.
[1023/135340.380:WARNING:dns_config_service_win.cc(672)] Failed to read DnsConfig.
[1023/135345.398:WARNING:dns_config_service_win.cc(672)] Failed to read DnsConfig.
[1023/135350.412:WARNING:dns_config_service_win.cc(672)] Failed to read DnsConfig.
[1023/135355.425:WARNING:dns_config_service_win.cc(672)] Failed to read DnsConfig.
[1023/135400.441:WARNING:dns_config_service_win.cc(672)] Failed to read DnsConfig.
[1023/135405.455:WARNING:dns_config_service_win.cc(672)] Failed to read DnsConfig.
[1023/135410.466:WARNING:dns_config_service_win.cc(672)] Failed to read DnsConfig.
[1023/135415.486:WARNING:dns_config_service_win.cc(672)] Failed to read DnsConfig.
[1023/135420.496:WARNING:dns_config_service_win.cc(672)] Failed to read DnsConfig.
[1023/135425.511:WARNING:dns_config_service_win.cc(672)] Failed to read DnsConfig.
[1023/135430.527:WARNING:dns_config_service_win.cc(672)] Failed to read DnsConfig.
[1023/135435.535:WARNING:dns_config_service_win.cc(672)] Failed to read DnsConfig.
[1023/135440.547:WARNING:dns_config_service_win.cc(672)] Failed to read DnsConfig.
[1023/135445.566:WARNING:dns_config_service_win.cc(672)] Failed to read DnsConfig.
[1023/135450.572:WARNING:dns_config_service_win.cc(672)] Failed to read DnsConfig.
[1023/135455.581:WARNING:dns_config_service_win.cc(672)] Failed to read DnsConfig.
[1023/135500.596:WARNING:dns_config_service_win.cc(672)] Failed to read DnsConfig.
[1023/135505.612:WARNING:dns_config_service_win.cc(672)] Failed to read DnsConfig.
[1023/135510.617:WARNING:dns_config_service_win.cc(672)] Failed to read DnsConfig.
[1023/135515.646:WARNING:dns_config_service_win.cc(672)] Failed to read DnsConfig.
[1023/135520.661:WARNING:dns_config_service_win.cc(672)] Failed to read DnsConfig.
[1023/135525.682:WARNING:dns_config_service_win.cc(672)] Failed to read DnsConfig.
[1023/135530.706:WARNING:dns_config_service_win.cc(672)] Failed to read DnsConfig.
[1023/135535.733:WARNING:dns_config_service_win.cc(672)] Failed to read DnsConfig.
[1023/135540.760:WARNING:dns_config_service_win.cc(672)] Failed to read DnsConfig.
[1023/135545.784:WARNING:dns_config_service_win.cc(672)] Failed to read DnsConfig.
[1023/135550.810:WARNING:dns_config_service_win.cc(672)] Failed to read DnsConfig.
[1023/135555.832:WARNING:dns_config_service_win.cc(672)] Failed to read DnsConfig.
[1023/135600.859:WARNING:dns_config_service_win.cc(672)] Failed to read DnsConfig.
[1023/135605.869:WARNING:dns_config_service_win.cc(672)] Failed to read DnsConfig.
[1023/135610.894:WARNING:dns_config_service_win.cc(672)] Failed to read DnsConfig.
[1023/135615.919:WARNING:dns_config_service_win.cc(672)] Failed to read DnsConfig.
[1023/135620.937:WARNING:dns_config_service_win.cc(672)] Failed to read DnsConfig.
[1023/135625.948:WARNING:dns_config_service_win.cc(672)] Failed to read DnsConfig.
[1023/135630.978:WARNING:dns_config_service_win.cc(672)] Failed to read DnsConfig.
[1023/135636.002:WARNING:dns_config_service_win.cc(672)] Failed to read DnsConfig.
[1023/135641.029:WARNING:dns_config_service_win.cc(672)] Failed to read DnsConfig.
[1023/135646.054:WARNING:dns_config_service_win.cc(672)] Failed to read DnsConfig.
[1023/135651.062:WARNING:dns_config_service_win.cc(672)] Failed to read DnsConfig.
[1023/135656.073:WARNING:dns_config_service_win.cc(672)] Failed to read DnsConfig.
[1023/135701.096:WARNING:dns_config_service_win.cc(672)] Failed to read DnsConfig.
[1023/135706.108:WARNING:dns_config_service_win.cc(672)] Failed to read DnsConfig.
[1023/135711.117:WARNING:dns_config_service_win.cc(672)] Failed to read DnsConfig.
[1023/135716.142:WARNING:dns_config_service_win.cc(672)] Failed to read DnsConfig.
[1023/135721.160:WARNING:dns_config_service_win.cc(672)] Failed to read DnsConfig.
[1023/135726.173:WARNING:dns_config_service_win.cc(672)] Failed to read DnsConfig.
[1023/135731.191:WARNING:dns_config_service_win.cc(672)] Failed to read DnsConfig.
[1023/135736.208:WARNING:dns_config_service_win.cc(672)] Failed to read DnsConfig.
[1023/135741.223:WARNING:dns_config_service_win.cc(672)] Failed to read DnsConfig.
[1023/135746.239:WARNING:dns_config_service_win.cc(672)] Failed to read DnsConfig.
[1023/135751.256:WARNING:dns_config_service_win.cc(672)] Failed to read DnsConfig.
[1023/135756.269:WARNING:dns_config_service_win.cc(672)] Failed to read DnsConfig.
[1023/135801.295:WARNING:dns_config_service_win.cc(672)] Failed to read DnsConfig.
[1023/135806.307:WARNING:dns_config_service_win.cc(672)] Failed to read DnsConfig.
[1023/135811.320:WARNING:dns_config_service_win.cc(672)] Failed to read DnsConfig.
[1023/135816.339:WARNING:dns_config_service_win.cc(672)] Failed to read DnsConfig.
[1023/135821.361:WARNING:dns_config_service_win.cc(672)] Failed to read DnsConfig.
[1023/135826.379:WARNING:dns_config_service_win.cc(672)] Failed to read DnsConfig.
[1023/135831.391:WARNING:dns_config_service_win.cc(672)] Failed to read DnsConfig.
[1023/135836.406:WARNING:dns_config_service_win.cc(672)] Failed to read DnsConfig.
[1023/135841.436:WARNING:dns_config_service_win.cc(672)] Failed to read DnsConfig.
[1023/135846.458:WARNING:dns_config_service_win.cc(672)] Failed to read DnsConfig.
[1023/135851.482:WARNING:dns_config_service_win.cc(672)] Failed to read DnsConfig.
[1023/135856.487:WARNING:dns_config_service_win.cc(672)] Failed to read DnsConfig.
[1023/135901.516:WARNING:dns_config_service_win.cc(672)] Failed to read DnsConfig.
[1023/135906.536:WARNING:dns_config_service_win.cc(672)] Failed to read DnsConfig.
[1023/135911.550:WARNING:dns_config_service_win.cc(672)] Failed to read DnsConfig.
[1023/135916.566:WARNING:dns_config_service_win.cc(672)] Failed to read DnsConfig.
[1023/135921.579:WARNING:dns_config_service_win.cc(672)] Failed to read DnsConfig.
[1023/135926.598:WARNING:dns_config_service_win.cc(672)] Failed to read DnsConfig.
[1023/135931.604:WARNING:dns_config_service_win.cc(672)] Failed to read DnsConfig.
[1023/135936.614:WARNING:dns_config_service_win.cc(672)] Failed to read DnsConfig.
[1023/135941.629:WARNING:dns_config_service_win.cc(672)] Failed to read DnsConfig.
[1023/135946.654:WARNING:dns_config_service_win.cc(672)] Failed to read DnsConfig.
[1023/135951.676:WARNING:dns_config_service_win.cc(672)] Failed to read DnsConfig.
[1023/135956.702:WARNING:dns_config_service_win.cc(672)] Failed to read DnsConfig.
[1023/140001.727:WARNING:dns_config_service_win.cc(672)] Failed to read DnsConfig.
[1023/140006.737:WARNING:dns_config_service_win.cc(672)] Failed to read DnsConfig.
[1023/140011.756:WARNING:dns_config_service_win.cc(672)] Failed to read DnsConfig.
[1023/140016.773:WARNING:dns_config_service_win.cc(672)] Failed to read DnsConfig.
[1023/140021.787:WARNING:dns_config_service_win.cc(672)] Failed to read DnsConfig.
[1023/140026.808:WARNING:dns_config_service_win.cc(672)] Failed to read DnsConfig.
[1023/140031.821:WARNING:dns_config_service_win.cc(672)] Failed to read DnsConfig.
[1023/140036.845:WARNING:dns_config_service_win.cc(672)] Failed to read DnsConfig.
[1023/140041.864:WARNING:dns_config_service_win.cc(672)] Failed to read DnsConfig.
[1023/140046.874:WARNING:dns_config_service_win.cc(672)] Failed to read DnsConfig.
[1023/140051.889:WARNING:dns_config_service_win.cc(672)] Failed to read DnsConfig.
[1023/140056.901:WARNING:dns_config_service_win.cc(672)] Failed to read DnsConfig.
[1023/140101.922:WARNING:dns_config_service_win.cc(672)] Failed to read DnsConfig.
[1023/140106.946:WARNING:dns_config_service_win.cc(672)] Failed to read DnsConfig.
[1023/140111.973:WARNING:dns_config_service_win.cc(672)] Failed to read DnsConfig.
[1023/140116.995:WARNING:dns_config_service_win.cc(672)] Failed to read DnsConfig.
[1023/140122.011:WARNING:dns_config_service_win.cc(672)] Failed to read DnsConfig.
[1023/140127.025:WARNING:dns_config_service_win.cc(672)] Failed to read DnsConfig.
[1023/140132.044:WARNING:dns_config_service_win.cc(672)] Failed to read DnsConfig.
[1023/141644.098:WARNING:dns_config_service_win.cc(672)] Failed to read DnsConfig.
[1023/160257.214:WARNING:dns_config_service_win.cc(672)] Failed to read DnsConfig.
[1023/160302.224:WARNING:dns_config_service_win.cc(672)] Failed to read DnsConfig.
[1023/160303.738:WARNING:dns_config_service_win.cc(672)] Failed to read DnsConfig.
[1023/175600.804:WARNING:dns_config_service_win.cc(672)] Failed to read DnsConfig.
[1024/215046.446:WARNING:dns_config_service_win.cc(672)] Failed to read DnsConfig.
[1025/001915.348:WARNING:angle_platform_impl.cc(45)] compileToBinary(256): 
C:\fakepath(75,10-46): warning X3571: pow(f, e) will not work for negative f, use abs(f) or conditionally handle negative values if you expect them
C:\fakepath(98,10-46): warning X3571: pow(f, e) will not work for negative f, use abs(f) or conditionally handle negative values if you expect them

[1025/112534.746:WARNING:dns_config_service_win.cc(672)] Failed to read DnsConfig.
[1025/112539.770:WARNING:dns_config_service_win.cc(672)] Failed to read DnsConfig.
[1025/112544.780:WARNING:dns_config_service_win.cc(672)] Failed to read DnsConfig.
[1025/112549.791:WARNING:dns_config_service_win.cc(672)] Failed to read DnsConfig.
[1025/112554.810:WARNING:dns_config_service_win.cc(672)] Failed to read DnsConfig.
[1025/112559.828:WARNING:dns_config_service_win.cc(672)] Failed to read DnsConfig.
[1025/112604.847:WARNING:dns_config_service_win.cc(672)] Failed to read DnsConfig.
[1025/112609.864:WARNING:dns_config_service_win.cc(672)] Failed to read DnsConfig.
[1025/112614.881:WARNING:dns_config_service_win.cc(672)] Failed to read DnsConfig.
[1025/112619.898:WARNING:dns_config_service_win.cc(672)] Failed to read DnsConfig.
[1025/112624.913:WARNING:dns_config_service_win.cc(672)] Failed to read DnsConfig.
[1025/112629.918:WARNING:dns_config_service_win.cc(672)] Failed to read DnsConfig.
[1025/112634.925:WARNING:dns_config_service_win.cc(672)] Failed to read DnsConfig.
[1025/112639.950:WARNING:dns_config_service_win.cc(672)] Failed to read DnsConfig.
[1025/112644.968:WARNING:dns_config_service_win.cc(672)] Failed to read DnsConfig.
[1025/112649.978:WARNING:dns_config_service_win.cc(672)] Failed to read DnsConfig.
[1025/112654.993:WARNING:dns_config_service_win.cc(672)] Failed to read DnsConfig.
[1025/112700.000:WARNING:dns_config_service_win.cc(672)] Failed to read DnsConfig.
[1025/112705.016:WARNING:dns_config_service_win.cc(672)] Failed to read DnsConfig.
[1025/112710.024:WARNING:dns_config_service_win.cc(672)] Failed to read DnsConfig.
[1025/112715.038:WARNING:dns_config_service_win.cc(672)] Failed to read DnsConfig.
[1025/112720.054:WARNING:dns_config_service_win.cc(672)] Failed to read DnsConfig.
[1025/112725.058:WARNING:dns_config_service_win.cc(672)] Failed to read DnsConfig.
[1025/112730.076:WARNING:dns_config_service_win.cc(672)] Failed to read DnsConfig.
[1025/112735.098:WARNING:dns_config_service_win.cc(672)] Failed to read DnsConfig.
[1025/112740.103:WARNING:dns_config_service_win.cc(672)] Failed to read DnsConfig.
[1025/112745.111:WARNING:dns_config_service_win.cc(672)] Failed to read DnsConfig.
[1025/112750.122:WARNING:dns_config_service_win.cc(672)] Failed to read DnsConfig.
[1025/112755.134:WARNING:dns_config_service_win.cc(672)] Failed to read DnsConfig.
[1025/112800.142:WARNING:dns_config_service_win.cc(672)] Failed to read DnsConfig.
[1025/112805.151:WARNING:dns_config_service_win.cc(672)] Failed to read DnsConfig.
[1025/112810.167:WARNING:dns_config_service_win.cc(672)] Failed to read DnsConfig.
[1025/112815.180:WARNING:dns_config_service_win.cc(672)] Failed to read DnsConfig.
[1025/112820.189:WARNING:dns_config_service_win.cc(672)] Failed to read DnsConfig.
[1025/112825.208:WARNING:dns_config_service_win.cc(672)] Failed to read DnsConfig.
[1025/112830.221:WARNING:dns_config_service_win.cc(672)] Failed to read DnsConfig.
[1025/112835.244:WARNING:dns_config_service_win.cc(672)] Failed to read DnsConfig.
[1025/112840.270:WARNING:dns_config_service_win.cc(672)] Failed to read DnsConfig.
[1025/112845.286:WARNING:dns_config_service_win.cc(672)] Failed to read DnsConfig.
[1025/112850.303:WARNING:dns_config_service_win.cc(672)] Failed to read DnsConfig.
[1025/112855.324:WARNING:dns_config_service_win.cc(672)] Failed to read DnsConfig.
[1025/112900.344:WARNING:dns_config_service_win.cc(672)] Failed to read DnsConfig.
[1025/112905.357:WARNING:dns_config_service_win.cc(672)] Failed to read DnsConfig.
[1025/112910.371:WARNING:dns_config_service_win.cc(672)] Failed to read DnsConfig.
[1025/112915.375:WARNING:dns_config_service_win.cc(672)] Failed to read DnsConfig.
[1025/112920.384:WARNING:dns_config_service_win.cc(672)] Failed to read DnsConfig.
[1025/112925.407:WARNING:dns_config_service_win.cc(672)] Failed to read DnsConfig.
[1025/112930.426:WARNING:dns_config_service_win.cc(672)] Failed to read DnsConfig.
[1025/112935.435:WARNING:dns_config_service_win.cc(672)] Failed to read DnsConfig.
[1025/112940.442:WARNING:dns_config_service_win.cc(672)] Failed to read DnsConfig.
[1025/112945.457:WARNING:dns_config_service_win.cc(672)] Failed to read DnsConfig.
[1025/112950.482:WARNING:dns_config_service_win.cc(672)] Failed to read DnsConfig.
[1025/112955.500:WARNING:dns_config_service_win.cc(672)] Failed to read DnsConfig.
[1025/113000.506:WARNING:dns_config_service_win.cc(672)] Failed to read DnsConfig.
[1025/113005.513:WARNING:dns_config_service_win.cc(672)] Failed to read DnsConfig.
[1025/113010.523:WARNING:dns_config_service_win.cc(672)] Failed to read DnsConfig.
[1025/113015.529:WARNING:dns_config_service_win.cc(672)] Failed to read DnsConfig.
[1025/113020.543:WARNING:dns_config_service_win.cc(672)] Failed to read DnsConfig.
[1025/113025.548:WARNING:dns_config_service_win.cc(672)] Failed to read DnsConfig.
[1025/113030.553:WARNING:dns_config_service_win.cc(672)] Failed to read DnsConfig.
[1025/113035.569:WARNING:dns_config_service_win.cc(672)] Failed to read DnsConfig.
[1025/113040.579:WARNING:dns_config_service_win.cc(672)] Failed to read DnsConfig.
[1025/113045.597:WARNING:dns_config_service_win.cc(672)] Failed to read DnsConfig.
[1025/113050.615:WARNING:dns_config_service_win.cc(672)] Failed to read DnsConfig.
[1025/113055.631:WARNING:dns_config_service_win.cc(672)] Failed to read DnsConfig.
[1025/113100.646:WARNING:dns_config_service_win.cc(672)] Failed to read DnsConfig.
[1025/113105.666:WARNING:dns_config_service_win.cc(672)] Failed to read DnsConfig.
[1025/113110.689:WARNING:dns_config_service_win.cc(672)] Failed to read DnsConfig.
[1025/113115.713:WARNING:dns_config_service_win.cc(672)] Failed to read DnsConfig.
[1025/113120.726:WARNING:dns_config_service_win.cc(672)] Failed to read DnsConfig.
[1025/113125.744:WARNING:dns_config_service_win.cc(672)] Failed to read DnsConfig.
[1025/113130.762:WARNING:dns_config_service_win.cc(672)] Failed to read DnsConfig.
[1025/113135.787:WARNING:dns_config_service_win.cc(672)] Failed to read DnsConfig.
[1025/113140.798:WARNING:dns_config_service_win.cc(672)] Failed to read DnsConfig.
[1025/113145.820:WARNING:dns_config_service_win.cc(672)] Failed to read DnsConfig.
[1025/113150.843:WARNING:dns_config_service_win.cc(672)] Failed to read DnsConfig.
[1025/113155.858:WARNING:dns_config_service_win.cc(672)] Failed to read DnsConfig.
[1025/113200.882:WARNING:dns_config_service_win.cc(672)] Failed to read DnsConfig.
[1025/113205.900:WARNING:dns_config_service_win.cc(672)] Failed to read DnsConfig.
[1025/113210.917:WARNING:dns_config_service_win.cc(672)] Failed to read DnsConfig.
[1025/113215.943:WARNING:dns_config_service_win.cc(672)] Failed to read DnsConfig.
[1025/113220.964:WARNING:dns_config_service_win.cc(672)] Failed to read DnsConfig.
[1025/113225.980:WARNING:dns_config_service_win.cc(672)] Failed to read DnsConfig.
[1025/113230.996:WARNING:dns_config_service_win.cc(672)] Failed to read DnsConfig.
[1025/113236.001:WARNING:dns_config_service_win.cc(672)] Failed to read DnsConfig.
[1025/113241.024:WARNING:dns_config_service_win.cc(672)] Failed to read DnsConfig.
[1025/113246.047:WARNING:dns_config_service_win.cc(672)] Failed to read DnsConfig.
[1025/113251.058:WARNING:dns_config_service_win.cc(672)] Failed to read DnsConfig.
[1025/113256.070:WARNING:dns_config_service_win.cc(672)] Failed to read DnsConfig.
[1025/113301.093:WARNING:dns_config_service_win.cc(672)] Failed to read DnsConfig.
[1025/113306.104:WARNING:dns_config_service_win.cc(672)] Failed to read DnsConfig.
[1025/113311.121:WARNING:dns_config_service_win.cc(672)] Failed to read DnsConfig.
[1025/113316.138:WARNING:dns_config_service_win.cc(672)] Failed to read DnsConfig.
[1025/113321.150:WARNING:dns_config_service_win.cc(672)] Failed to read DnsConfig.
[1025/113326.165:WARNING:dns_config_service_win.cc(672)] Failed to read DnsConfig.
[1025/113331.178:WARNING:dns_config_service_win.cc(672)] Failed to read DnsConfig.
[1025/113336.188:WARNING:dns_config_service_win.cc(672)] Failed to read DnsConfig.
[1025/113341.206:WARNING:dns_config_service_win.cc(672)] Failed to read DnsConfig.
[1025/113346.217:WARNING:dns_config_service_win.cc(672)] Failed to read DnsConfig.
[1025/113351.228:WARNING:dns_config_service_win.cc(672)] Failed to read DnsConfig.
[1025/113356.239:WARNING:dns_config_service_win.cc(672)] Failed to read DnsConfig.
[1025/113401.257:WARNING:dns_config_service_win.cc(672)] Failed to read DnsConfig.
[1025/113406.268:WARNING:dns_config_service_win.cc(672)] Failed to read DnsConfig.
[1025/113411.279:WARNING:dns_config_service_win.cc(672)] Failed to read DnsConfig.
[1025/113416.291:WARNING:dns_config_service_win.cc(672)] Failed to read DnsConfig.
[1025/113421.301:WARNING:dns_config_service_win.cc(672)] Failed to read DnsConfig.
[1025/113426.314:WARNING:dns_config_service_win.cc(672)] Failed to read DnsConfig.
[1025/113431.334:WARNING:dns_config_service_win.cc(672)] Failed to read DnsConfig.
[1025/113436.358:WARNING:dns_config_service_win.cc(672)] Failed to read DnsConfig.
[1025/113441.376:WARNING:dns_config_service_win.cc(672)] Failed to read DnsConfig.
[1025/113446.394:WARNING:dns_config_service_win.cc(672)] Failed to read DnsConfig.
[1025/113451.398:WARNING:dns_config_service_win.cc(672)] Failed to read DnsConfig.
[1025/113456.416:WARNING:dns_config_service_win.cc(672)] Failed to read DnsConfig.
[1025/113501.436:WARNING:dns_config_service_win.cc(672)] Failed to read DnsConfig.
[1025/113506.459:WARNING:dns_config_service_win.cc(672)] Failed to read DnsConfig.
[1025/113511.487:WARNING:dns_config_service_win.cc(672)] Failed to read DnsConfig.
[1025/113516.511:WARNING:dns_config_service_win.cc(672)] Failed to read DnsConfig.
[1025/113521.525:WARNING:dns_config_service_win.cc(672)] Failed to read DnsConfig.
[1025/113526.533:WARNING:dns_config_service_win.cc(672)] Failed to read DnsConfig.
[1025/113531.554:WARNING:dns_config_service_win.cc(672)] Failed to read DnsConfig.
[1025/113536.576:WARNING:dns_config_service_win.cc(672)] Failed to read DnsConfig.
[1025/113541.595:WARNING:dns_config_service_win.cc(672)] Failed to read DnsConfig.
[1025/113546.617:WARNING:dns_config_service_win.cc(672)] Failed to read DnsConfig.
[1025/113551.626:WARNING:dns_config_service_win.cc(672)] Failed to read DnsConfig.
[1025/113556.651:WARNING:dns_config_service_win.cc(672)] Failed to read DnsConfig.
[1025/113601.664:WARNING:dns_config_service_win.cc(672)] Failed to read DnsConfig.
[1025/113606.678:WARNING:dns_config_service_win.cc(672)] Failed to read DnsConfig.
[1025/113611.691:WARNING:dns_config_service_win.cc(672)] Failed to read DnsConfig.
[1025/113616.697:WARNING:dns_config_service_win.cc(672)] Failed to read DnsConfig.
[1025/113621.703:WARNING:dns_config_service_win.cc(672)] Failed to read DnsConfig.
[1025/113626.719:WARNING:dns_config_service_win.cc(672)] Failed to read DnsConfig.
[1025/113631.734:WARNING:dns_config_service_win.cc(672)] Failed to read DnsConfig.
[1025/113636.741:WARNING:dns_config_service_win.cc(672)] Failed to read DnsConfig.
[1025/113641.749:WARNING:dns_config_service_win.cc(672)] Failed to read DnsConfig.
[1025/113646.756:WARNING:dns_config_service_win.cc(672)] Failed to read DnsConfig.
[1025/113651.766:WARNING:dns_config_service_win.cc(672)] Failed to read DnsConfig.
[1025/113656.778:WARNING:dns_config_service_win.cc(672)] Failed to read DnsConfig.
[1025/113701.796:WARNING:dns_config_service_win.cc(672)] Failed to read DnsConfig.
[1025/113706.816:WARNING:dns_config_service_win.cc(672)] Failed to read DnsConfig.
[1025/113711.835:WARNING:dns_config_service_win.cc(672)] Failed to read DnsConfig.
[1025/113716.844:WARNING:dns_config_service_win.cc(672)] Failed to read DnsConfig.
[1025/113721.851:WARNING:dns_config_service_win.cc(672)] Failed to read DnsConfig.
[1025/113726.867:WARNING:dns_config_service_win.cc(672)] Failed to read DnsConfig.
[1025/113731.884:WARNING:dns_config_service_win.cc(672)] Failed to read DnsConfig.
[1025/113736.896:WARNING:dns_config_service_win.cc(672)] Failed to read DnsConfig.
[1025/113741.915:WARNING:dns_config_service_win.cc(672)] Failed to read DnsConfig.
[1025/113746.934:WARNING:dns_config_service_win.cc(672)] Failed to read DnsConfig.
[1025/113751.948:WARNING:dns_config_service_win.cc(672)] Failed to read DnsConfig.
[1025/113756.965:WARNING:dns_config_service_win.cc(672)] Failed to read DnsConfig.
[1025/113801.984:WARNING:dns_config_service_win.cc(672)] Failed to read DnsConfig.
[1025/113806.998:WARNING:dns_config_service_win.cc(672)] Failed to read DnsConfig.
[1025/113812.002:WARNING:dns_config_service_win.cc(672)] Failed to read DnsConfig.
[1025/113817.009:WARNING:dns_config_service_win.cc(672)] Failed to read DnsConfig.
[1025/113822.018:WARNING:dns_config_service_win.cc(672)] Failed to read DnsConfig.
[1025/113827.028:WARNING:dns_config_service_win.cc(672)] Failed to read DnsConfig.
[1025/113832.051:WARNING:dns_config_service_win.cc(672)] Failed to read DnsConfig.
[1025/113837.076:WARNING:dns_config_service_win.cc(672)] Failed to read DnsConfig.
[1025/113842.087:WARNING:dns_config_service_win.cc(672)] Failed to read DnsConfig.
[1025/113847.099:WARNING:dns_config_service_win.cc(672)] Failed to read DnsConfig.
[1025/113852.117:WARNING:dns_config_service_win.cc(672)] Failed to read DnsConfig.
[1025/113857.130:WARNING:dns_config_service_win.cc(672)] Failed to read DnsConfig.
[1025/113902.136:WARNING:dns_config_service_win.cc(672)] Failed to read DnsConfig.
[1025/113907.151:WARNING:dns_config_service_win.cc(672)] Failed to read DnsConfig.
[1025/113912.170:WARNING:dns_config_service_win.cc(672)] Failed to read DnsConfig.
[1025/113917.187:WARNING:dns_config_service_win.cc(672)] Failed to read DnsConfig.
[1025/113922.212:WARNING:dns_config_service_win.cc(672)] Failed to read DnsConfig.
[1025/113927.227:WARNING:dns_config_service_win.cc(672)] Failed to read DnsConfig.
[1025/113932.248:WARNING:dns_config_service_win.cc(672)] Failed to read DnsConfig.
[1025/113937.265:WARNING:dns_config_service_win.cc(672)] Failed to read DnsConfig.
[1025/113942.282:WARNING:dns_config_service_win.cc(672)] Failed to read DnsConfig.
[1025/115453.540:WARNING:dns_config_service_win.cc(672)] Failed to read DnsConfig.
[1025/122517.164:WARNING:dns_config_service_win.cc(672)] Failed to read DnsConfig.
[1025/122522.180:WARNING:dns_config_service_win.cc(672)] Failed to read DnsConfig.
[1025/122525.977:WARNING:dns_config_service_win.cc(672)] Failed to read DnsConfig.
